L 07/04/2021 - 11:53:04: SourceMod error session started
L 07/04/2021 - 11:53:04: Info (map "c2m1_highway") (file "e:\steamlibrary\steamapps\common\left 4 dead 2 dedicated server\left4dead2\addons\sourcemod\logs\errors_20210704.log")
L 07/04/2021 - 11:53:04: [left4dhooks.smx] Failed to find signature: ForceNextStage
L 07/04/2021 - 11:53:04: [left4dhooks.smx] Failed to find signature: CancelStagger
L 07/04/2021 - 11:53:04: [left4dhooks.smx] Failed to find signature: RegisterForbiddenTarget
L 07/04/2021 - 11:53:04: [left4dhooks.smx] Failed to find signature: UnRegisterForbiddenTarget
L 07/04/2021 - 11:53:12: [left4dhooks.smx] Failed to find signature: ForceNextStage
L 07/04/2021 - 11:53:12: [left4dhooks.smx] Failed to find signature: CancelStagger
L 07/04/2021 - 11:53:12: [left4dhooks.smx] Failed to find signature: RegisterForbiddenTarget
L 07/04/2021 - 11:53:12: [left4dhooks.smx] Failed to find signature: UnRegisterForbiddenTarget
L 07/04/2021 - 11:53:22: Error log file session closed.
L 07/04/2021 - 11:58:09: SourceMod error session started
L 07/04/2021 - 11:58:09: Info (map "c2m1_highway") (file "e:\steamlibrary\steamapps\common\left 4 dead 2 dedicated server\left4dead2\addons\sourcemod\logs\errors_20210704.log")
L 07/04/2021 - 11:58:09: [SM] Exception reported: Client 1 is not connected
L 07/04/2021 - 11:58:09: [SM] Blaming: anticheat\l4d2_anticheat.smx
L 07/04/2021 - 11:58:09: [SM] Call stack trace:
L 07/04/2021 - 11:58:09: [SM]   [0] GetClientInfo
L 07/04/2021 - 11:58:09: [SM]   [1] Line 213, C:\Games\Steam\steamapps\common\Left 4 Dead 2\left4dead2\addons\sourcemod\scripting\l4d2_anticheat.sp::GetLerpTime
L 07/04/2021 - 11:58:09: [SM]   [2] Line 195, C:\Games\Steam\steamapps\common\Left 4 Dead 2\left4dead2\addons\sourcemod\scripting\l4d2_anticheat.sp::AdjustRates
L 07/04/2021 - 11:58:09: [SM]   [3] Line 78, C:\Games\Steam\steamapps\common\Left 4 Dead 2\left4dead2\addons\sourcemod\scripting\l4d2_anticheat.sp::TimerAdjustRates
L 07/04/2021 - 11:58:09: [SM] Exception reported: Client 1 is not in game
L 07/04/2021 - 11:58:09: [SM] Blaming: server_function.smx
L 07/04/2021 - 11:58:09: [SM] Call stack trace:
L 07/04/2021 - 11:58:09: [SM]   [0] GetClientTeam
L 07/04/2021 - 11:58:09: [SM]   [1] Line 389, server_function.sp::AdjustRates
L 07/04/2021 - 11:58:09: [SM]   [2] Line 193, server_function.sp::TimerAdjustRates
L 07/04/2021 - 11:58:19: Error log file session closed.
L 07/04/2021 - 11:59:14: SourceMod error session started
L 07/04/2021 - 11:59:14: Info (map "c2m1_highway") (file "e:\steamlibrary\steamapps\common\left 4 dead 2 dedicated server\left4dead2\addons\sourcemod\logs\errors_20210704.log")
L 07/04/2021 - 11:59:14: [left4dhooks.smx] Failed to find signature: ForceNextStage
L 07/04/2021 - 11:59:14: [left4dhooks.smx] Failed to find signature: CancelStagger
L 07/04/2021 - 11:59:14: [left4dhooks.smx] Failed to find signature: RegisterForbiddenTarget
L 07/04/2021 - 11:59:14: [left4dhooks.smx] Failed to find signature: UnRegisterForbiddenTarget
L 07/04/2021 - 12:00:00: SourceMod error session started
L 07/04/2021 - 12:00:00: Info (map "c2m1_highway") (file "e:\steamlibrary\steamapps\common\left 4 dead 2 dedicated server\left4dead2\addons\sourcemod\logs\errors_20210704.log")
L 07/04/2021 - 12:00:00: [left4dhooks.smx] Failed to find signature: ForceNextStage
L 07/04/2021 - 12:00:00: [left4dhooks.smx] Failed to find signature: CancelStagger
L 07/04/2021 - 12:00:00: [left4dhooks.smx] Failed to find signature: RegisterForbiddenTarget
L 07/04/2021 - 12:00:00: [left4dhooks.smx] Failed to find signature: UnRegisterForbiddenTarget
L 07/04/2021 - 12:00:05: [left4dhooks.smx] Failed to find signature: ForceNextStage
L 07/04/2021 - 12:00:05: [left4dhooks.smx] Failed to find signature: CancelStagger
L 07/04/2021 - 12:00:05: [left4dhooks.smx] Failed to find signature: RegisterForbiddenTarget
L 07/04/2021 - 12:00:05: [left4dhooks.smx] Failed to find signature: UnRegisterForbiddenTarget
L 07/04/2021 - 12:00:14: Error log file session closed.
L 07/04/2021 - 12:04:46: SourceMod error session started
L 07/04/2021 - 12:04:46: Info (map "c2m1_highway") (file "e:\steamlibrary\steamapps\common\left 4 dead 2 dedicated server\left4dead2\addons\sourcemod\logs\errors_20210704.log")
L 07/04/2021 - 12:04:46: [SM] Exception reported: Client index -1 is invalid
L 07/04/2021 - 12:04:46: [SM] Blaming: optional\tailred\survivor_mvp.smx
L 07/04/2021 - 12:04:46: [SM] Call stack trace:
L 07/04/2021 - 12:04:46: [SM]   [0] IsFakeClient
L 07/04/2021 - 12:04:46: [SM]   [1] Line 628, C:\Games\Steam\steamapps\common\Left 4 Dead 2\left4dead2\addons\sourcemod\scripting\survivor_mvp.sp::PrintRemainingHealth
L 07/04/2021 - 12:04:46: [SM]   [2] Line 144, C:\Games\Steam\steamapps\common\Left 4 Dead 2\left4dead2\addons\sourcemod\scripting\survivor_mvp.sp::L4D2_OnRealRoundEnd
L 07/04/2021 - 12:04:46: [SM]   [4] Call_Finish
L 07/04/2021 - 12:04:46: [SM]   [5] Line 31, C:\Games\Steam\steamapps\common\Left 4 Dead 2\left4dead2\addons\sourcemod\scripting\include\rounds.inc::Rounds_OnRoundEnd_Update
L 07/04/2021 - 12:04:46: [SM]   [6] Line 113, l4d2lib.sp::RoundEnd_Event
L 07/04/2021 - 12:08:37: [SM] Exception reported: Client 1 is not connected
L 07/04/2021 - 12:08:37: [SM] Blaming: anticheat\l4d2_anticheat.smx
L 07/04/2021 - 12:08:37: [SM] Call stack trace:
L 07/04/2021 - 12:08:37: [SM]   [0] GetClientInfo
L 07/04/2021 - 12:08:37: [SM]   [1] Line 213, C:\Games\Steam\steamapps\common\Left 4 Dead 2\left4dead2\addons\sourcemod\scripting\l4d2_anticheat.sp::GetLerpTime
L 07/04/2021 - 12:08:37: [SM]   [2] Line 195, C:\Games\Steam\steamapps\common\Left 4 Dead 2\left4dead2\addons\sourcemod\scripting\l4d2_anticheat.sp::AdjustRates
L 07/04/2021 - 12:08:37: [SM]   [3] Line 78, C:\Games\Steam\steamapps\common\Left 4 Dead 2\left4dead2\addons\sourcemod\scripting\l4d2_anticheat.sp::TimerAdjustRates
L 07/04/2021 - 12:08:37: [SM] Exception reported: Client 1 is not in game
L 07/04/2021 - 12:08:37: [SM] Blaming: server_function.smx
L 07/04/2021 - 12:08:37: [SM] Call stack trace:
L 07/04/2021 - 12:08:37: [SM]   [0] GetClientTeam
L 07/04/2021 - 12:08:37: [SM]   [1] Line 389, server_function.sp::AdjustRates
L 07/04/2021 - 12:08:37: [SM]   [2] Line 193, server_function.sp::TimerAdjustRates
L 07/04/2021 - 12:08:47: Error log file session closed.
L 07/04/2021 - 12:09:42: SourceMod error session started
L 07/04/2021 - 12:09:42: Info (map "c2m1_highway") (file "e:\steamlibrary\steamapps\common\left 4 dead 2 dedicated server\left4dead2\addons\sourcemod\logs\errors_20210704.log")
L 07/04/2021 - 12:09:42: [left4dhooks.smx] Failed to find signature: ForceNextStage
L 07/04/2021 - 12:09:42: [left4dhooks.smx] Failed to find signature: CancelStagger
L 07/04/2021 - 12:09:42: [left4dhooks.smx] Failed to find signature: RegisterForbiddenTarget
L 07/04/2021 - 12:09:42: [left4dhooks.smx] Failed to find signature: UnRegisterForbiddenTarget
L 07/04/2021 - 14:18:29: [left4dhooks.smx] Failed to find signature: ForceNextStage
L 07/04/2021 - 14:18:29: [left4dhooks.smx] Failed to find signature: CancelStagger
L 07/04/2021 - 14:18:29: [left4dhooks.smx] Failed to find signature: RegisterForbiddenTarget
L 07/04/2021 - 14:18:29: [left4dhooks.smx] Failed to find signature: UnRegisterForbiddenTarget
L 07/04/2021 - 14:18:38: Error log file session closed.
L 07/04/2021 - 14:20:08: SourceMod error session started
L 07/04/2021 - 14:20:08: Info (map "c2m1_highway") (file "e:\steamlibrary\steamapps\common\left 4 dead 2 dedicated server\left4dead2\addons\sourcemod\logs\errors_20210704.log")
L 07/04/2021 - 14:20:08: [SM] Exception reported: Client 1 is not connected
L 07/04/2021 - 14:20:08: [SM] Blaming: anticheat\l4d2_anticheat.smx
L 07/04/2021 - 14:20:08: [SM] Call stack trace:
L 07/04/2021 - 14:20:08: [SM]   [0] GetClientInfo
L 07/04/2021 - 14:20:08: [SM]   [1] Line 213, C:\Games\Steam\steamapps\common\Left 4 Dead 2\left4dead2\addons\sourcemod\scripting\l4d2_anticheat.sp::GetLerpTime
L 07/04/2021 - 14:20:08: [SM]   [2] Line 195, C:\Games\Steam\steamapps\common\Left 4 Dead 2\left4dead2\addons\sourcemod\scripting\l4d2_anticheat.sp::AdjustRates
L 07/04/2021 - 14:20:08: [SM]   [3] Line 78, C:\Games\Steam\steamapps\common\Left 4 Dead 2\left4dead2\addons\sourcemod\scripting\l4d2_anticheat.sp::TimerAdjustRates
L 07/04/2021 - 14:20:08: [SM] Exception reported: Client 1 is not in game
L 07/04/2021 - 14:20:08: [SM] Blaming: server_function.smx
L 07/04/2021 - 14:20:08: [SM] Call stack trace:
L 07/04/2021 - 14:20:08: [SM]   [0] GetClientTeam
L 07/04/2021 - 14:20:08: [SM]   [1] Line 389, server_function.sp::AdjustRates
L 07/04/2021 - 14:20:08: [SM]   [2] Line 193, server_function.sp::TimerAdjustRates
L 07/04/2021 - 14:20:18: Error log file session closed.
L 07/04/2021 - 14:21:13: SourceMod error session started
L 07/04/2021 - 14:21:13: Info (map "c2m1_highway") (file "e:\steamlibrary\steamapps\common\left 4 dead 2 dedicated server\left4dead2\addons\sourcemod\logs\errors_20210704.log")
L 07/04/2021 - 14:21:13: [left4dhooks.smx] Failed to find signature: ForceNextStage
L 07/04/2021 - 14:21:13: [left4dhooks.smx] Failed to find signature: CancelStagger
L 07/04/2021 - 14:21:13: [left4dhooks.smx] Failed to find signature: RegisterForbiddenTarget
L 07/04/2021 - 14:21:13: [left4dhooks.smx] Failed to find signature: UnRegisterForbiddenTarget
L 07/05/2021 - 11:22:20: Error log file session closed.
