L 07/04/2021 - 11:53:03: SourceMod log file session started (file "e:\steamlibrary\steamapps\common\left 4 dead 2 dedicated server\left4dead2\addons\sourcemod\logs\L20210704.log") (Version "1.11.0.6625")
L 07/04/2021 - 11:53:03: [GEOIP] GeoIP database info: GEO-106FREE 20180327 Build 1 Copyright (c) 2018 MaxMind Inc All Rights Reserved
L 07/04/2021 - 11:53:10: [basecommands.smx] "Console<0><Console><Console>" changed cvar (cvar "sv_region") (value "4")
L 07/04/2021 - 11:53:10: [basecommands.smx] "Console<0><Console><Console>" changed cvar (cvar "sv_tags") (value "hidden")
L 07/04/2021 - 11:53:10: [basecommands.smx] "Console<0><Console><Console>" changed cvar (cvar "sv_allow_wait_command") (value "0")
L 07/04/2021 - 11:53:10: [basecommands.smx] "Console<0><Console><Console>" changed cvar (cvar "mp_autoteambalance") (value "0")
L 07/04/2021 - 11:53:10: [basecommands.smx] "Console<0><Console><Console>" changed cvar (cvar "sv_unlag_fixstuck") (value "1")
L 07/04/2021 - 11:53:10: [basecommands.smx] "Console<0><Console><Console>" changed cvar (cvar "z_brawl_chance") (value "0")
L 07/04/2021 - 11:53:10: [basecommands.smx] "Console<0><Console><Console>" changed cvar (cvar "sv_maxunlag") (value "1")
L 07/04/2021 - 11:53:10: [basecommands.smx] "Console<0><Console><Console>" changed cvar (cvar "sv_forcepreload") (value "1")
L 07/04/2021 - 11:53:10: [basecommands.smx] "Console<0><Console><Console>" changed cvar (cvar "sv_client_predict") (value "1")
L 07/04/2021 - 11:53:10: [basecommands.smx] "Console<0><Console><Console>" changed cvar (cvar "sv_client_cmdrate_difference") (value "0")
L 07/04/2021 - 11:53:10: [basecommands.smx] "Console<0><Console><Console>" changed cvar (cvar "sv_max_queries_sec_global") (value "10")
L 07/04/2021 - 11:53:10: [basecommands.smx] "Console<0><Console><Console>" changed cvar (cvar "sv_max_queries_sec") (value "3")
L 07/04/2021 - 11:53:10: [basecommands.smx] "Console<0><Console><Console>" changed cvar (cvar "sv_max_queries_window") (value "10")
L 07/04/2021 - 11:53:10: [basecommands.smx] "Console<0><Console><Console>" changed cvar (cvar "sv_player_stuck_tolerance") (value "5")
L 07/04/2021 - 11:53:10: [basecommands.smx] "Console<0><Console><Console>" changed cvar (cvar "sv_stats") (value "0")
L 07/04/2021 - 11:53:10: [basecommands.smx] "Console<0><Console><Console>" changed cvar (cvar "sv_clockcorrection_msecs") (value "25")
L 07/04/2021 - 11:53:15: [basecommands.smx] "Console<0><Console><Console>" changed cvar (cvar "fps_max") (value "300")
L 07/04/2021 - 11:53:15: [basecommands.smx] "Console<0><Console><Console>" changed cvar (cvar "sv_minrate") (value "100000")
L 07/04/2021 - 11:53:15: [basecommands.smx] "Console<0><Console><Console>" changed cvar (cvar "sv_maxrate") (value "100000")
L 07/04/2021 - 11:53:15: [basecommands.smx] "Console<0><Console><Console>" changed cvar (cvar "sv_minupdaterate") (value "100")
L 07/04/2021 - 11:53:15: [basecommands.smx] "Console<0><Console><Console>" changed cvar (cvar "sv_maxupdaterate") (value "100")
L 07/04/2021 - 11:53:15: [basecommands.smx] "Console<0><Console><Console>" changed cvar (cvar "sv_mincmdrate") (value "100")
L 07/04/2021 - 11:53:15: [basecommands.smx] "Console<0><Console><Console>" changed cvar (cvar "sv_maxcmdrate") (value "100")
L 07/04/2021 - 11:53:15: [basecommands.smx] "Console<0><Console><Console>" changed cvar (cvar "nb_update_frequency") (value "0.01")
L 07/04/2021 - 11:53:15: [basecommands.smx] "Console<0><Console><Console>" changed cvar (cvar "net_splitpacket_maxrate") (value "50000")
L 07/04/2021 - 11:53:15: [basecommands.smx] "Console<0><Console><Console>" changed cvar (cvar "sv_client_min_interp_ratio") (value "-1")
L 07/04/2021 - 11:53:15: [basecommands.smx] "Console<0><Console><Console>" changed cvar (cvar "sv_client_max_interp_ratio") (value "-1")
L 07/04/2021 - 11:53:15: [UPDATER] Successfully updated gamedata file "sm-tf2.games.txt"
L 07/04/2021 - 11:53:15: [UPDATER] Successfully updated gamedata file "sm-cstrike.games/game.csgo.txt"
L 07/04/2021 - 11:53:15: [UPDATER] Successfully updated gamedata file "sm-cstrike.games/master.games.txt"
L 07/04/2021 - 11:53:15: [UPDATER] Successfully updated gamedata file "sdktools.games/game.bms.txt"
L 07/04/2021 - 11:53:15: [UPDATER] Successfully updated gamedata file "sdktools.games/game.hl2ctf.txt"
L 07/04/2021 - 11:53:15: [UPDATER] Successfully updated gamedata file "sdktools.games/common.games.txt"
L 07/04/2021 - 11:53:15: [UPDATER] Successfully updated gamedata file "sdktools.games/game.tf.txt"
L 07/04/2021 - 11:53:15: [UPDATER] Successfully updated gamedata file "sdktools.games/game.ios.txt"
L 07/04/2021 - 11:53:15: [UPDATER] Successfully updated gamedata file "sdkhooks.games/engine.ep2v.txt"
L 07/04/2021 - 11:53:15: [UPDATER] Successfully updated gamedata file "sdkhooks.games/game.bms.txt"
L 07/04/2021 - 11:53:15: [UPDATER] Successfully updated gamedata file "sdkhooks.games/game.hl2ctf.txt"
L 07/04/2021 - 11:53:15: [UPDATER] Successfully updated gamedata file "sdkhooks.games/game.fof.txt"
L 07/04/2021 - 11:53:15: [UPDATER] Successfully updated gamedata file "sdkhooks.games/game.pvkii.txt"
L 07/04/2021 - 11:53:15: [UPDATER] Successfully updated gamedata file "sdkhooks.games/common.games.txt"
L 07/04/2021 - 11:53:15: [UPDATER] Successfully updated gamedata file "funcommands.games.txt"
L 07/04/2021 - 11:53:15: [UPDATER] Successfully updated gamedata file "core.games/engine.l4d2.txt"
L 07/04/2021 - 11:53:15: [UPDATER] Successfully updated gamedata file "core.games/engine.eye.txt"
L 07/04/2021 - 11:53:15: [UPDATER] Successfully updated gamedata file "core.games/engine.sdk2013.txt"
L 07/04/2021 - 11:53:15: [UPDATER] Successfully updated gamedata file "core.games/engine.darkm.txt"
L 07/04/2021 - 11:53:15: [UPDATER] Successfully updated gamedata file "core.games/engine.csgo.txt"
L 07/04/2021 - 11:53:15: [UPDATER] Successfully updated gamedata file "core.games/engine.ep1.txt"
L 07/04/2021 - 11:53:15: [UPDATER] Successfully updated gamedata file "core.games/engine.insurgency.txt"
L 07/04/2021 - 11:53:15: [UPDATER] Successfully updated gamedata file "core.games/game.dinodday.txt"
L 07/04/2021 - 11:53:15: [UPDATER] Successfully updated gamedata file "core.games/engine.l4d.txt"
L 07/04/2021 - 11:53:15: [UPDATER] Successfully updated gamedata file "core.games/engine.swarm.txt"
L 07/04/2021 - 11:53:15: [UPDATER] Successfully updated gamedata file "core.games/engine.ep2valve.txt"
L 07/04/2021 - 11:53:15: [UPDATER] Successfully updated gamedata file "core.games/engine.css.txt"
L 07/04/2021 - 11:53:15: [UPDATER] Successfully updated gamedata file "core.games/engine.blade.txt"
L 07/04/2021 - 11:53:15: [UPDATER] Successfully updated gamedata file "core.games/common.games.txt"
L 07/04/2021 - 11:53:15: [UPDATER] Successfully updated gamedata file "core.games/blocklist.plugins.txt"
L 07/04/2021 - 11:53:15: [UPDATER] Successfully updated gamedata file "core.games/engine.contagion.txt"
L 07/04/2021 - 11:53:15: [UPDATER] Successfully updated gamedata file "core.games/engine.ep2.txt"
L 07/04/2021 - 11:53:15: [UPDATER] Successfully updated gamedata file "core.games/engine.bgt.txt"
L 07/04/2021 - 11:53:15: [UPDATER] SourceMod has been updated, please reload it or restart your server.
L 07/04/2021 - 11:53:21: [SM] Changed map to "c2m1_highway"
L 07/04/2021 - 11:53:22: -------- Mapchange to c2m1_highway --------
L 07/04/2021 - 11:53:25: [basecommands.smx] "Console<0><Console><Console>" changed cvar (cvar "sv_region") (value "4")
L 07/04/2021 - 11:53:25: [basecommands.smx] "Console<0><Console><Console>" changed cvar (cvar "sv_tags") (value "hidden")
L 07/04/2021 - 11:53:25: [basecommands.smx] "Console<0><Console><Console>" changed cvar (cvar "sv_allow_wait_command") (value "0")
L 07/04/2021 - 11:53:25: [basecommands.smx] "Console<0><Console><Console>" changed cvar (cvar "mp_autoteambalance") (value "0")
L 07/04/2021 - 11:53:25: [basecommands.smx] "Console<0><Console><Console>" changed cvar (cvar "sv_unlag_fixstuck") (value "1")
L 07/04/2021 - 11:53:25: [basecommands.smx] "Console<0><Console><Console>" changed cvar (cvar "z_brawl_chance") (value "0")
L 07/04/2021 - 11:53:25: [basecommands.smx] "Console<0><Console><Console>" changed cvar (cvar "sv_maxunlag") (value "1")
L 07/04/2021 - 11:53:25: [basecommands.smx] "Console<0><Console><Console>" changed cvar (cvar "sv_forcepreload") (value "1")
L 07/04/2021 - 11:53:25: [basecommands.smx] "Console<0><Console><Console>" changed cvar (cvar "sv_client_predict") (value "1")
L 07/04/2021 - 11:53:25: [basecommands.smx] "Console<0><Console><Console>" changed cvar (cvar "sv_client_cmdrate_difference") (value "0")
L 07/04/2021 - 11:53:25: [basecommands.smx] "Console<0><Console><Console>" changed cvar (cvar "sv_max_queries_sec_global") (value "10")
L 07/04/2021 - 11:53:25: [basecommands.smx] "Console<0><Console><Console>" changed cvar (cvar "sv_max_queries_sec") (value "3")
L 07/04/2021 - 11:53:25: [basecommands.smx] "Console<0><Console><Console>" changed cvar (cvar "sv_max_queries_window") (value "10")
L 07/04/2021 - 11:53:25: [basecommands.smx] "Console<0><Console><Console>" changed cvar (cvar "sv_player_stuck_tolerance") (value "5")
L 07/04/2021 - 11:53:25: [basecommands.smx] "Console<0><Console><Console>" changed cvar (cvar "sv_stats") (value "0")
L 07/04/2021 - 11:53:25: [basecommands.smx] "Console<0><Console><Console>" changed cvar (cvar "sv_clockcorrection_msecs") (value "25")
L 07/04/2021 - 11:53:25: [basecommands.smx] "Console<0><Console><Console>" changed cvar (cvar "fps_max") (value "300")
L 07/04/2021 - 11:53:25: [basecommands.smx] "Console<0><Console><Console>" changed cvar (cvar "sv_minrate") (value "100000")
L 07/04/2021 - 11:53:25: [basecommands.smx] "Console<0><Console><Console>" changed cvar (cvar "sv_maxrate") (value "100000")
L 07/04/2021 - 11:53:25: [basecommands.smx] "Console<0><Console><Console>" changed cvar (cvar "sv_minupdaterate") (value "100")
L 07/04/2021 - 11:53:25: [basecommands.smx] "Console<0><Console><Console>" changed cvar (cvar "sv_maxupdaterate") (value "100")
L 07/04/2021 - 11:53:25: [basecommands.smx] "Console<0><Console><Console>" changed cvar (cvar "sv_mincmdrate") (value "100")
L 07/04/2021 - 11:53:25: [basecommands.smx] "Console<0><Console><Console>" changed cvar (cvar "sv_maxcmdrate") (value "100")
L 07/04/2021 - 11:53:25: [basecommands.smx] "Console<0><Console><Console>" changed cvar (cvar "nb_update_frequency") (value "0.01")
L 07/04/2021 - 11:53:25: [basecommands.smx] "Console<0><Console><Console>" changed cvar (cvar "net_splitpacket_maxrate") (value "50000")
L 07/04/2021 - 11:53:25: [basecommands.smx] "Console<0><Console><Console>" changed cvar (cvar "sv_client_min_interp_ratio") (value "-1")
L 07/04/2021 - 11:53:25: [basecommands.smx] "Console<0><Console><Console>" changed cvar (cvar "sv_client_max_interp_ratio") (value "-1")
L 07/04/2021 - 11:58:18: [SM] Changed map to "c2m1_highway"
L 07/04/2021 - 11:58:19: -------- Mapchange to c2m1_highway --------
L 07/04/2021 - 11:58:22: [basecommands.smx] "Console<0><Console><Console>" changed cvar (cvar "sv_region") (value "4")
L 07/04/2021 - 11:58:22: [basecommands.smx] "Console<0><Console><Console>" changed cvar (cvar "sv_tags") (value "hidden")
L 07/04/2021 - 11:58:22: [basecommands.smx] "Console<0><Console><Console>" changed cvar (cvar "sv_allow_wait_command") (value "0")
L 07/04/2021 - 11:58:22: [basecommands.smx] "Console<0><Console><Console>" changed cvar (cvar "mp_autoteambalance") (value "0")
L 07/04/2021 - 11:58:22: [basecommands.smx] "Console<0><Console><Console>" changed cvar (cvar "sv_unlag_fixstuck") (value "1")
L 07/04/2021 - 11:58:22: [basecommands.smx] "Console<0><Console><Console>" changed cvar (cvar "z_brawl_chance") (value "0")
L 07/04/2021 - 11:58:22: [basecommands.smx] "Console<0><Console><Console>" changed cvar (cvar "sv_maxunlag") (value "1")
L 07/04/2021 - 11:58:22: [basecommands.smx] "Console<0><Console><Console>" changed cvar (cvar "sv_forcepreload") (value "1")
L 07/04/2021 - 11:58:22: [basecommands.smx] "Console<0><Console><Console>" changed cvar (cvar "sv_client_predict") (value "1")
L 07/04/2021 - 11:58:22: [basecommands.smx] "Console<0><Console><Console>" changed cvar (cvar "sv_client_cmdrate_difference") (value "0")
L 07/04/2021 - 11:58:22: [basecommands.smx] "Console<0><Console><Console>" changed cvar (cvar "sv_max_queries_sec_global") (value "10")
L 07/04/2021 - 11:58:22: [basecommands.smx] "Console<0><Console><Console>" changed cvar (cvar "sv_max_queries_sec") (value "3")
L 07/04/2021 - 11:58:22: [basecommands.smx] "Console<0><Console><Console>" changed cvar (cvar "sv_max_queries_window") (value "10")
L 07/04/2021 - 11:58:22: [basecommands.smx] "Console<0><Console><Console>" changed cvar (cvar "sv_player_stuck_tolerance") (value "5")
L 07/04/2021 - 11:58:22: [basecommands.smx] "Console<0><Console><Console>" changed cvar (cvar "sv_stats") (value "0")
L 07/04/2021 - 11:58:22: [basecommands.smx] "Console<0><Console><Console>" changed cvar (cvar "sv_clockcorrection_msecs") (value "25")
L 07/04/2021 - 11:58:22: [basecommands.smx] "Console<0><Console><Console>" changed cvar (cvar "fps_max") (value "300")
L 07/04/2021 - 11:58:22: [basecommands.smx] "Console<0><Console><Console>" changed cvar (cvar "sv_minrate") (value "100000")
L 07/04/2021 - 11:58:22: [basecommands.smx] "Console<0><Console><Console>" changed cvar (cvar "sv_maxrate") (value "100000")
L 07/04/2021 - 11:58:22: [basecommands.smx] "Console<0><Console><Console>" changed cvar (cvar "sv_minupdaterate") (value "100")
L 07/04/2021 - 11:58:22: [basecommands.smx] "Console<0><Console><Console>" changed cvar (cvar "sv_maxupdaterate") (value "100")
L 07/04/2021 - 11:58:22: [basecommands.smx] "Console<0><Console><Console>" changed cvar (cvar "sv_mincmdrate") (value "100")
L 07/04/2021 - 11:58:22: [basecommands.smx] "Console<0><Console><Console>" changed cvar (cvar "sv_maxcmdrate") (value "100")
L 07/04/2021 - 11:58:22: [basecommands.smx] "Console<0><Console><Console>" changed cvar (cvar "nb_update_frequency") (value "0.01")
L 07/04/2021 - 11:58:22: [basecommands.smx] "Console<0><Console><Console>" changed cvar (cvar "net_splitpacket_maxrate") (value "50000")
L 07/04/2021 - 11:58:22: [basecommands.smx] "Console<0><Console><Console>" changed cvar (cvar "sv_client_min_interp_ratio") (value "-1")
L 07/04/2021 - 11:58:22: [basecommands.smx] "Console<0><Console><Console>" changed cvar (cvar "sv_client_max_interp_ratio") (value "-1")
L 07/04/2021 - 11:59:12: [basecommands.smx] "Console<0><Console><Console>" changed cvar (cvar "z_common_limit") (value "30")
L 07/04/2021 - 11:59:58: SourceMod log file session started (file "e:\steamlibrary\steamapps\common\left 4 dead 2 dedicated server\left4dead2\addons\sourcemod\logs\L20210704.log") (Version "1.11.0.6625")
L 07/04/2021 - 11:59:58: [GEOIP] GeoIP database info: GEO-106FREE 20180327 Build 1 Copyright (c) 2018 MaxMind Inc All Rights Reserved
L 07/04/2021 - 12:00:04: [basecommands.smx] "Console<0><Console><Console>" changed cvar (cvar "sv_region") (value "4")
L 07/04/2021 - 12:00:04: [basecommands.smx] "Console<0><Console><Console>" changed cvar (cvar "sv_tags") (value "hidden")
L 07/04/2021 - 12:00:04: [basecommands.smx] "Console<0><Console><Console>" changed cvar (cvar "sv_allow_wait_command") (value "0")
L 07/04/2021 - 12:00:04: [basecommands.smx] "Console<0><Console><Console>" changed cvar (cvar "mp_autoteambalance") (value "0")
L 07/04/2021 - 12:00:04: [basecommands.smx] "Console<0><Console><Console>" changed cvar (cvar "sv_unlag_fixstuck") (value "1")
L 07/04/2021 - 12:00:04: [basecommands.smx] "Console<0><Console><Console>" changed cvar (cvar "z_brawl_chance") (value "0")
L 07/04/2021 - 12:00:04: [basecommands.smx] "Console<0><Console><Console>" changed cvar (cvar "sv_maxunlag") (value "1")
L 07/04/2021 - 12:00:04: [basecommands.smx] "Console<0><Console><Console>" changed cvar (cvar "sv_forcepreload") (value "1")
L 07/04/2021 - 12:00:04: [basecommands.smx] "Console<0><Console><Console>" changed cvar (cvar "sv_client_predict") (value "1")
L 07/04/2021 - 12:00:04: [basecommands.smx] "Console<0><Console><Console>" changed cvar (cvar "sv_client_cmdrate_difference") (value "0")
L 07/04/2021 - 12:00:04: [basecommands.smx] "Console<0><Console><Console>" changed cvar (cvar "sv_max_queries_sec_global") (value "10")
L 07/04/2021 - 12:00:04: [basecommands.smx] "Console<0><Console><Console>" changed cvar (cvar "sv_max_queries_sec") (value "3")
L 07/04/2021 - 12:00:04: [basecommands.smx] "Console<0><Console><Console>" changed cvar (cvar "sv_max_queries_window") (value "10")
L 07/04/2021 - 12:00:04: [basecommands.smx] "Console<0><Console><Console>" changed cvar (cvar "sv_player_stuck_tolerance") (value "5")
L 07/04/2021 - 12:00:04: [basecommands.smx] "Console<0><Console><Console>" changed cvar (cvar "sv_stats") (value "0")
L 07/04/2021 - 12:00:04: [basecommands.smx] "Console<0><Console><Console>" changed cvar (cvar "sv_clockcorrection_msecs") (value "25")
L 07/04/2021 - 12:00:08: [basecommands.smx] "Console<0><Console><Console>" changed cvar (cvar "fps_max") (value "300")
L 07/04/2021 - 12:00:08: [basecommands.smx] "Console<0><Console><Console>" changed cvar (cvar "sv_minrate") (value "100000")
L 07/04/2021 - 12:00:08: [basecommands.smx] "Console<0><Console><Console>" changed cvar (cvar "sv_maxrate") (value "100000")
L 07/04/2021 - 12:00:08: [basecommands.smx] "Console<0><Console><Console>" changed cvar (cvar "sv_minupdaterate") (value "60")
L 07/04/2021 - 12:00:08: [basecommands.smx] "Console<0><Console><Console>" changed cvar (cvar "sv_maxupdaterate") (value "60")
L 07/04/2021 - 12:00:08: [basecommands.smx] "Console<0><Console><Console>" changed cvar (cvar "sv_mincmdrate") (value "60")
L 07/04/2021 - 12:00:08: [basecommands.smx] "Console<0><Console><Console>" changed cvar (cvar "sv_maxcmdrate") (value "60")
L 07/04/2021 - 12:00:08: [basecommands.smx] "Console<0><Console><Console>" changed cvar (cvar "nb_update_frequency") (value "0.016")
L 07/04/2021 - 12:00:08: [basecommands.smx] "Console<0><Console><Console>" changed cvar (cvar "net_splitpacket_maxrate") (value "50000")
L 07/04/2021 - 12:00:08: [basecommands.smx] "Console<0><Console><Console>" changed cvar (cvar "sv_client_min_interp_ratio") (value "-1")
L 07/04/2021 - 12:00:08: [basecommands.smx] "Console<0><Console><Console>" changed cvar (cvar "sv_client_max_interp_ratio") (value "-1")
L 07/04/2021 - 12:00:13: [SM] Changed map to "c2m1_highway"
L 07/04/2021 - 12:00:14: -------- Mapchange to c2m1_highway --------
L 07/04/2021 - 12:00:17: [basecommands.smx] "Console<0><Console><Console>" changed cvar (cvar "sv_region") (value "4")
L 07/04/2021 - 12:00:17: [basecommands.smx] "Console<0><Console><Console>" changed cvar (cvar "sv_tags") (value "hidden")
L 07/04/2021 - 12:00:17: [basecommands.smx] "Console<0><Console><Console>" changed cvar (cvar "sv_allow_wait_command") (value "0")
L 07/04/2021 - 12:00:17: [basecommands.smx] "Console<0><Console><Console>" changed cvar (cvar "mp_autoteambalance") (value "0")
L 07/04/2021 - 12:00:17: [basecommands.smx] "Console<0><Console><Console>" changed cvar (cvar "sv_unlag_fixstuck") (value "1")
L 07/04/2021 - 12:00:17: [basecommands.smx] "Console<0><Console><Console>" changed cvar (cvar "z_brawl_chance") (value "0")
L 07/04/2021 - 12:00:17: [basecommands.smx] "Console<0><Console><Console>" changed cvar (cvar "sv_maxunlag") (value "1")
L 07/04/2021 - 12:00:17: [basecommands.smx] "Console<0><Console><Console>" changed cvar (cvar "sv_forcepreload") (value "1")
L 07/04/2021 - 12:00:17: [basecommands.smx] "Console<0><Console><Console>" changed cvar (cvar "sv_client_predict") (value "1")
L 07/04/2021 - 12:00:17: [basecommands.smx] "Console<0><Console><Console>" changed cvar (cvar "sv_client_cmdrate_difference") (value "0")
L 07/04/2021 - 12:00:17: [basecommands.smx] "Console<0><Console><Console>" changed cvar (cvar "sv_max_queries_sec_global") (value "10")
L 07/04/2021 - 12:00:17: [basecommands.smx] "Console<0><Console><Console>" changed cvar (cvar "sv_max_queries_sec") (value "3")
L 07/04/2021 - 12:00:17: [basecommands.smx] "Console<0><Console><Console>" changed cvar (cvar "sv_max_queries_window") (value "10")
L 07/04/2021 - 12:00:17: [basecommands.smx] "Console<0><Console><Console>" changed cvar (cvar "sv_player_stuck_tolerance") (value "5")
L 07/04/2021 - 12:00:17: [basecommands.smx] "Console<0><Console><Console>" changed cvar (cvar "sv_stats") (value "0")
L 07/04/2021 - 12:00:17: [basecommands.smx] "Console<0><Console><Console>" changed cvar (cvar "sv_clockcorrection_msecs") (value "25")
L 07/04/2021 - 12:00:17: [basecommands.smx] "Console<0><Console><Console>" changed cvar (cvar "fps_max") (value "300")
L 07/04/2021 - 12:00:17: [basecommands.smx] "Console<0><Console><Console>" changed cvar (cvar "sv_minrate") (value "100000")
L 07/04/2021 - 12:00:17: [basecommands.smx] "Console<0><Console><Console>" changed cvar (cvar "sv_maxrate") (value "100000")
L 07/04/2021 - 12:00:17: [basecommands.smx] "Console<0><Console><Console>" changed cvar (cvar "sv_minupdaterate") (value "60")
L 07/04/2021 - 12:00:17: [basecommands.smx] "Console<0><Console><Console>" changed cvar (cvar "sv_maxupdaterate") (value "60")
L 07/04/2021 - 12:00:17: [basecommands.smx] "Console<0><Console><Console>" changed cvar (cvar "sv_mincmdrate") (value "60")
L 07/04/2021 - 12:00:17: [basecommands.smx] "Console<0><Console><Console>" changed cvar (cvar "sv_maxcmdrate") (value "60")
L 07/04/2021 - 12:00:17: [basecommands.smx] "Console<0><Console><Console>" changed cvar (cvar "nb_update_frequency") (value "0.016")
L 07/04/2021 - 12:00:17: [basecommands.smx] "Console<0><Console><Console>" changed cvar (cvar "net_splitpacket_maxrate") (value "50000")
L 07/04/2021 - 12:00:17: [basecommands.smx] "Console<0><Console><Console>" changed cvar (cvar "sv_client_min_interp_ratio") (value "-1")
L 07/04/2021 - 12:00:17: [basecommands.smx] "Console<0><Console><Console>" changed cvar (cvar "sv_client_max_interp_ratio") (value "-1")
L 07/04/2021 - 12:08:46: [SM] Changed map to "c2m1_highway"
L 07/04/2021 - 12:08:47: -------- Mapchange to c2m1_highway --------
L 07/04/2021 - 12:08:51: [basecommands.smx] "Console<0><Console><Console>" changed cvar (cvar "sv_region") (value "4")
L 07/04/2021 - 12:08:51: [basecommands.smx] "Console<0><Console><Console>" changed cvar (cvar "sv_tags") (value "hidden")
L 07/04/2021 - 12:08:51: [basecommands.smx] "Console<0><Console><Console>" changed cvar (cvar "sv_allow_wait_command") (value "0")
L 07/04/2021 - 12:08:51: [basecommands.smx] "Console<0><Console><Console>" changed cvar (cvar "mp_autoteambalance") (value "0")
L 07/04/2021 - 12:08:51: [basecommands.smx] "Console<0><Console><Console>" changed cvar (cvar "sv_unlag_fixstuck") (value "1")
L 07/04/2021 - 12:08:51: [basecommands.smx] "Console<0><Console><Console>" changed cvar (cvar "z_brawl_chance") (value "0")
L 07/04/2021 - 12:08:51: [basecommands.smx] "Console<0><Console><Console>" changed cvar (cvar "sv_maxunlag") (value "1")
L 07/04/2021 - 12:08:51: [basecommands.smx] "Console<0><Console><Console>" changed cvar (cvar "sv_forcepreload") (value "1")
L 07/04/2021 - 12:08:51: [basecommands.smx] "Console<0><Console><Console>" changed cvar (cvar "sv_client_predict") (value "1")
L 07/04/2021 - 12:08:51: [basecommands.smx] "Console<0><Console><Console>" changed cvar (cvar "sv_client_cmdrate_difference") (value "0")
L 07/04/2021 - 12:08:51: [basecommands.smx] "Console<0><Console><Console>" changed cvar (cvar "sv_max_queries_sec_global") (value "10")
L 07/04/2021 - 12:08:51: [basecommands.smx] "Console<0><Console><Console>" changed cvar (cvar "sv_max_queries_sec") (value "3")
L 07/04/2021 - 12:08:51: [basecommands.smx] "Console<0><Console><Console>" changed cvar (cvar "sv_max_queries_window") (value "10")
L 07/04/2021 - 12:08:51: [basecommands.smx] "Console<0><Console><Console>" changed cvar (cvar "sv_player_stuck_tolerance") (value "5")
L 07/04/2021 - 12:08:51: [basecommands.smx] "Console<0><Console><Console>" changed cvar (cvar "sv_stats") (value "0")
L 07/04/2021 - 12:08:51: [basecommands.smx] "Console<0><Console><Console>" changed cvar (cvar "sv_clockcorrection_msecs") (value "25")
L 07/04/2021 - 12:08:51: [basecommands.smx] "Console<0><Console><Console>" changed cvar (cvar "fps_max") (value "300")
L 07/04/2021 - 12:08:51: [basecommands.smx] "Console<0><Console><Console>" changed cvar (cvar "sv_minrate") (value "100000")
L 07/04/2021 - 12:08:51: [basecommands.smx] "Console<0><Console><Console>" changed cvar (cvar "sv_maxrate") (value "100000")
L 07/04/2021 - 12:08:51: [basecommands.smx] "Console<0><Console><Console>" changed cvar (cvar "sv_minupdaterate") (value "60")
L 07/04/2021 - 12:08:51: [basecommands.smx] "Console<0><Console><Console>" changed cvar (cvar "sv_maxupdaterate") (value "60")
L 07/04/2021 - 12:08:51: [basecommands.smx] "Console<0><Console><Console>" changed cvar (cvar "sv_mincmdrate") (value "60")
L 07/04/2021 - 12:08:51: [basecommands.smx] "Console<0><Console><Console>" changed cvar (cvar "sv_maxcmdrate") (value "60")
L 07/04/2021 - 12:08:51: [basecommands.smx] "Console<0><Console><Console>" changed cvar (cvar "nb_update_frequency") (value "0.016")
L 07/04/2021 - 12:08:51: [basecommands.smx] "Console<0><Console><Console>" changed cvar (cvar "net_splitpacket_maxrate") (value "50000")
L 07/04/2021 - 12:08:51: [basecommands.smx] "Console<0><Console><Console>" changed cvar (cvar "sv_client_min_interp_ratio") (value "-1")
L 07/04/2021 - 12:08:51: [basecommands.smx] "Console<0><Console><Console>" changed cvar (cvar "sv_client_max_interp_ratio") (value "-1")
L 07/04/2021 - 12:09:40: [basecommands.smx] "Console<0><Console><Console>" changed cvar (cvar "z_common_limit") (value "30")
L 07/04/2021 - 14:18:37: [SM] Changed map to "c2m1_highway"
L 07/04/2021 - 14:18:38: -------- Mapchange to c2m1_highway --------
L 07/04/2021 - 14:18:41: [basecommands.smx] "Console<0><Console><Console>" changed cvar (cvar "sv_region") (value "4")
L 07/04/2021 - 14:18:41: [basecommands.smx] "Console<0><Console><Console>" changed cvar (cvar "sv_tags") (value "hidden")
L 07/04/2021 - 14:18:41: [basecommands.smx] "Console<0><Console><Console>" changed cvar (cvar "sv_allow_wait_command") (value "0")
L 07/04/2021 - 14:18:41: [basecommands.smx] "Console<0><Console><Console>" changed cvar (cvar "mp_autoteambalance") (value "0")
L 07/04/2021 - 14:18:41: [basecommands.smx] "Console<0><Console><Console>" changed cvar (cvar "sv_unlag_fixstuck") (value "1")
L 07/04/2021 - 14:18:41: [basecommands.smx] "Console<0><Console><Console>" changed cvar (cvar "z_brawl_chance") (value "0")
L 07/04/2021 - 14:18:41: [basecommands.smx] "Console<0><Console><Console>" changed cvar (cvar "sv_maxunlag") (value "1")
L 07/04/2021 - 14:18:41: [basecommands.smx] "Console<0><Console><Console>" changed cvar (cvar "sv_forcepreload") (value "1")
L 07/04/2021 - 14:18:41: [basecommands.smx] "Console<0><Console><Console>" changed cvar (cvar "sv_client_predict") (value "1")
L 07/04/2021 - 14:18:41: [basecommands.smx] "Console<0><Console><Console>" changed cvar (cvar "sv_client_cmdrate_difference") (value "0")
L 07/04/2021 - 14:18:41: [basecommands.smx] "Console<0><Console><Console>" changed cvar (cvar "sv_max_queries_sec_global") (value "10")
L 07/04/2021 - 14:18:41: [basecommands.smx] "Console<0><Console><Console>" changed cvar (cvar "sv_max_queries_sec") (value "3")
L 07/04/2021 - 14:18:41: [basecommands.smx] "Console<0><Console><Console>" changed cvar (cvar "sv_max_queries_window") (value "10")
L 07/04/2021 - 14:18:41: [basecommands.smx] "Console<0><Console><Console>" changed cvar (cvar "sv_player_stuck_tolerance") (value "5")
L 07/04/2021 - 14:18:41: [basecommands.smx] "Console<0><Console><Console>" changed cvar (cvar "sv_stats") (value "0")
L 07/04/2021 - 14:18:41: [basecommands.smx] "Console<0><Console><Console>" changed cvar (cvar "sv_clockcorrection_msecs") (value "25")
L 07/04/2021 - 14:18:41: [basecommands.smx] "Console<0><Console><Console>" changed cvar (cvar "fps_max") (value "300")
L 07/04/2021 - 14:18:41: [basecommands.smx] "Console<0><Console><Console>" changed cvar (cvar "sv_minrate") (value "100000")
L 07/04/2021 - 14:18:41: [basecommands.smx] "Console<0><Console><Console>" changed cvar (cvar "sv_maxrate") (value "100000")
L 07/04/2021 - 14:18:41: [basecommands.smx] "Console<0><Console><Console>" changed cvar (cvar "sv_minupdaterate") (value "60")
L 07/04/2021 - 14:18:41: [basecommands.smx] "Console<0><Console><Console>" changed cvar (cvar "sv_maxupdaterate") (value "60")
L 07/04/2021 - 14:18:41: [basecommands.smx] "Console<0><Console><Console>" changed cvar (cvar "sv_mincmdrate") (value "60")
L 07/04/2021 - 14:18:41: [basecommands.smx] "Console<0><Console><Console>" changed cvar (cvar "sv_maxcmdrate") (value "60")
L 07/04/2021 - 14:18:41: [basecommands.smx] "Console<0><Console><Console>" changed cvar (cvar "nb_update_frequency") (value "0.016")
L 07/04/2021 - 14:18:41: [basecommands.smx] "Console<0><Console><Console>" changed cvar (cvar "net_splitpacket_maxrate") (value "50000")
L 07/04/2021 - 14:18:41: [basecommands.smx] "Console<0><Console><Console>" changed cvar (cvar "sv_client_min_interp_ratio") (value "-1")
L 07/04/2021 - 14:18:41: [basecommands.smx] "Console<0><Console><Console>" changed cvar (cvar "sv_client_max_interp_ratio") (value "-1")
L 07/04/2021 - 14:20:17: [SM] Changed map to "c2m1_highway"
L 07/04/2021 - 14:20:18: -------- Mapchange to c2m1_highway --------
L 07/04/2021 - 14:20:21: [basecommands.smx] "Console<0><Console><Console>" changed cvar (cvar "sv_region") (value "4")
L 07/04/2021 - 14:20:21: [basecommands.smx] "Console<0><Console><Console>" changed cvar (cvar "sv_tags") (value "hidden")
L 07/04/2021 - 14:20:21: [basecommands.smx] "Console<0><Console><Console>" changed cvar (cvar "sv_allow_wait_command") (value "0")
L 07/04/2021 - 14:20:21: [basecommands.smx] "Console<0><Console><Console>" changed cvar (cvar "mp_autoteambalance") (value "0")
L 07/04/2021 - 14:20:21: [basecommands.smx] "Console<0><Console><Console>" changed cvar (cvar "sv_unlag_fixstuck") (value "1")
L 07/04/2021 - 14:20:21: [basecommands.smx] "Console<0><Console><Console>" changed cvar (cvar "z_brawl_chance") (value "0")
L 07/04/2021 - 14:20:21: [basecommands.smx] "Console<0><Console><Console>" changed cvar (cvar "sv_maxunlag") (value "1")
L 07/04/2021 - 14:20:21: [basecommands.smx] "Console<0><Console><Console>" changed cvar (cvar "sv_forcepreload") (value "1")
L 07/04/2021 - 14:20:21: [basecommands.smx] "Console<0><Console><Console>" changed cvar (cvar "sv_client_predict") (value "1")
L 07/04/2021 - 14:20:21: [basecommands.smx] "Console<0><Console><Console>" changed cvar (cvar "sv_client_cmdrate_difference") (value "0")
L 07/04/2021 - 14:20:21: [basecommands.smx] "Console<0><Console><Console>" changed cvar (cvar "sv_max_queries_sec_global") (value "10")
L 07/04/2021 - 14:20:21: [basecommands.smx] "Console<0><Console><Console>" changed cvar (cvar "sv_max_queries_sec") (value "3")
L 07/04/2021 - 14:20:21: [basecommands.smx] "Console<0><Console><Console>" changed cvar (cvar "sv_max_queries_window") (value "10")
L 07/04/2021 - 14:20:21: [basecommands.smx] "Console<0><Console><Console>" changed cvar (cvar "sv_player_stuck_tolerance") (value "5")
L 07/04/2021 - 14:20:21: [basecommands.smx] "Console<0><Console><Console>" changed cvar (cvar "sv_stats") (value "0")
L 07/04/2021 - 14:20:21: [basecommands.smx] "Console<0><Console><Console>" changed cvar (cvar "sv_clockcorrection_msecs") (value "25")
L 07/04/2021 - 14:20:21: [basecommands.smx] "Console<0><Console><Console>" changed cvar (cvar "fps_max") (value "300")
L 07/04/2021 - 14:20:21: [basecommands.smx] "Console<0><Console><Console>" changed cvar (cvar "sv_minrate") (value "100000")
L 07/04/2021 - 14:20:21: [basecommands.smx] "Console<0><Console><Console>" changed cvar (cvar "sv_maxrate") (value "100000")
L 07/04/2021 - 14:20:21: [basecommands.smx] "Console<0><Console><Console>" changed cvar (cvar "sv_minupdaterate") (value "60")
L 07/04/2021 - 14:20:21: [basecommands.smx] "Console<0><Console><Console>" changed cvar (cvar "sv_maxupdaterate") (value "60")
L 07/04/2021 - 14:20:21: [basecommands.smx] "Console<0><Console><Console>" changed cvar (cvar "sv_mincmdrate") (value "60")
L 07/04/2021 - 14:20:21: [basecommands.smx] "Console<0><Console><Console>" changed cvar (cvar "sv_maxcmdrate") (value "60")
L 07/04/2021 - 14:20:21: [basecommands.smx] "Console<0><Console><Console>" changed cvar (cvar "nb_update_frequency") (value "0.016")
L 07/04/2021 - 14:20:21: [basecommands.smx] "Console<0><Console><Console>" changed cvar (cvar "net_splitpacket_maxrate") (value "50000")
L 07/04/2021 - 14:20:21: [basecommands.smx] "Console<0><Console><Console>" changed cvar (cvar "sv_client_min_interp_ratio") (value "-1")
L 07/04/2021 - 14:20:21: [basecommands.smx] "Console<0><Console><Console>" changed cvar (cvar "sv_client_max_interp_ratio") (value "-1")
L 07/04/2021 - 14:21:11: [basecommands.smx] "Console<0><Console><Console>" changed cvar (cvar "z_common_limit") (value "30")
L 07/05/2021 - 11:22:20: Log file closed.
