L 08/12/2021 - 19:20:25: SourceMod log file session started (file "e:\steamlibrary\steamapps\common\left 4 dead 2 dedicated server\left4dead2\addons\sourcemod\logs\L20210812.log") (Version "1.11.0.6625")
L 08/12/2021 - 19:20:25: [GEOIP] GeoIP database info: GEO-106FREE 20180327 Build 1 Copyright (c) 2018 MaxMind Inc All Rights Reserved
L 08/12/2021 - 19:20:35: [basecommands.smx] "Console<0><Console><Console>" changed cvar (cvar "sv_region") (value "4")
L 08/12/2021 - 19:20:35: [basecommands.smx] "Console<0><Console><Console>" changed cvar (cvar "sv_tags") (value "hidden")
L 08/12/2021 - 19:20:35: [basecommands.smx] "Console<0><Console><Console>" changed cvar (cvar "sv_allow_wait_command") (value "0")
L 08/12/2021 - 19:20:35: [basecommands.smx] "Console<0><Console><Console>" changed cvar (cvar "mp_autoteambalance") (value "0")
L 08/12/2021 - 19:20:35: [basecommands.smx] "Console<0><Console><Console>" changed cvar (cvar "sv_unlag_fixstuck") (value "1")
L 08/12/2021 - 19:20:35: [basecommands.smx] "Console<0><Console><Console>" changed cvar (cvar "z_brawl_chance") (value "0")
L 08/12/2021 - 19:20:35: [basecommands.smx] "Console<0><Console><Console>" changed cvar (cvar "sv_maxunlag") (value "1")
L 08/12/2021 - 19:20:35: [basecommands.smx] "Console<0><Console><Console>" changed cvar (cvar "sv_forcepreload") (value "1")
L 08/12/2021 - 19:20:35: [basecommands.smx] "Console<0><Console><Console>" changed cvar (cvar "sv_client_predict") (value "1")
L 08/12/2021 - 19:20:35: [basecommands.smx] "Console<0><Console><Console>" changed cvar (cvar "sv_client_cmdrate_difference") (value "0")
L 08/12/2021 - 19:20:35: [basecommands.smx] "Console<0><Console><Console>" changed cvar (cvar "sv_max_queries_sec_global") (value "10")
L 08/12/2021 - 19:20:35: [basecommands.smx] "Console<0><Console><Console>" changed cvar (cvar "sv_max_queries_sec") (value "3")
L 08/12/2021 - 19:20:35: [basecommands.smx] "Console<0><Console><Console>" changed cvar (cvar "sv_max_queries_window") (value "10")
L 08/12/2021 - 19:20:35: [basecommands.smx] "Console<0><Console><Console>" changed cvar (cvar "sv_player_stuck_tolerance") (value "5")
L 08/12/2021 - 19:20:35: [basecommands.smx] "Console<0><Console><Console>" changed cvar (cvar "sv_stats") (value "0")
L 08/12/2021 - 19:20:35: [basecommands.smx] "Console<0><Console><Console>" changed cvar (cvar "sv_clockcorrection_msecs") (value "25")
L 08/12/2021 - 19:20:38: [basecommands.smx] "Console<0><Console><Console>" changed cvar (cvar "fps_max") (value "300")
L 08/12/2021 - 19:20:38: [basecommands.smx] "Console<0><Console><Console>" changed cvar (cvar "sv_minrate") (value "100000")
L 08/12/2021 - 19:20:38: [basecommands.smx] "Console<0><Console><Console>" changed cvar (cvar "sv_maxrate") (value "100000")
L 08/12/2021 - 19:20:38: [basecommands.smx] "Console<0><Console><Console>" changed cvar (cvar "sv_minupdaterate") (value "100")
L 08/12/2021 - 19:20:38: [basecommands.smx] "Console<0><Console><Console>" changed cvar (cvar "sv_maxupdaterate") (value "100")
L 08/12/2021 - 19:20:38: [basecommands.smx] "Console<0><Console><Console>" changed cvar (cvar "sv_mincmdrate") (value "100")
L 08/12/2021 - 19:20:39: [basecommands.smx] "Console<0><Console><Console>" changed cvar (cvar "sv_maxcmdrate") (value "100")
L 08/12/2021 - 19:20:39: [basecommands.smx] "Console<0><Console><Console>" changed cvar (cvar "nb_update_frequency") (value "0.016")
L 08/12/2021 - 19:20:39: [basecommands.smx] "Console<0><Console><Console>" changed cvar (cvar "net_splitpacket_maxrate") (value "50000")
L 08/12/2021 - 19:20:39: [basecommands.smx] "Console<0><Console><Console>" changed cvar (cvar "sv_client_min_interp_ratio") (value "-1")
L 08/12/2021 - 19:20:39: [basecommands.smx] "Console<0><Console><Console>" changed cvar (cvar "sv_client_max_interp_ratio") (value "-1")
L 08/12/2021 - 19:20:39: [UPDATER] Successfully updated gamedata file "sdktools.games/engine.l4d2.txt"
L 08/12/2021 - 19:20:39: [UPDATER] Successfully updated gamedata file "sdktools.games/engine.csgo.txt"
L 08/12/2021 - 19:20:39: [UPDATER] Successfully updated gamedata file "sdktools.games/engine.l4d.txt"
L 08/12/2021 - 19:20:39: [UPDATER] Successfully updated gamedata file "sdktools.games/engine.css.txt"
L 08/12/2021 - 19:20:39: [UPDATER] Successfully updated gamedata file "sdktools.games/game.tf.txt"
L 08/12/2021 - 19:20:39: [UPDATER] SourceMod has been updated, please reload it or restart your server.
L 08/12/2021 - 19:20:44: [SM] Changed map to "c2m1_highway"
L 08/12/2021 - 19:20:45: -------- Mapchange to c2m1_highway --------
L 08/12/2021 - 19:20:47: [basecommands.smx] "Console<0><Console><Console>" changed cvar (cvar "sv_region") (value "4")
L 08/12/2021 - 19:20:47: [basecommands.smx] "Console<0><Console><Console>" changed cvar (cvar "sv_tags") (value "hidden")
L 08/12/2021 - 19:20:47: [basecommands.smx] "Console<0><Console><Console>" changed cvar (cvar "sv_allow_wait_command") (value "0")
L 08/12/2021 - 19:20:47: [basecommands.smx] "Console<0><Console><Console>" changed cvar (cvar "mp_autoteambalance") (value "0")
L 08/12/2021 - 19:20:47: [basecommands.smx] "Console<0><Console><Console>" changed cvar (cvar "sv_unlag_fixstuck") (value "1")
L 08/12/2021 - 19:20:47: [basecommands.smx] "Console<0><Console><Console>" changed cvar (cvar "z_brawl_chance") (value "0")
L 08/12/2021 - 19:20:47: [basecommands.smx] "Console<0><Console><Console>" changed cvar (cvar "sv_maxunlag") (value "1")
L 08/12/2021 - 19:20:48: [basecommands.smx] "Console<0><Console><Console>" changed cvar (cvar "sv_forcepreload") (value "1")
L 08/12/2021 - 19:20:48: [basecommands.smx] "Console<0><Console><Console>" changed cvar (cvar "sv_client_predict") (value "1")
L 08/12/2021 - 19:20:48: [basecommands.smx] "Console<0><Console><Console>" changed cvar (cvar "sv_client_cmdrate_difference") (value "0")
L 08/12/2021 - 19:20:48: [basecommands.smx] "Console<0><Console><Console>" changed cvar (cvar "sv_max_queries_sec_global") (value "10")
L 08/12/2021 - 19:20:48: [basecommands.smx] "Console<0><Console><Console>" changed cvar (cvar "sv_max_queries_sec") (value "3")
L 08/12/2021 - 19:20:48: [basecommands.smx] "Console<0><Console><Console>" changed cvar (cvar "sv_max_queries_window") (value "10")
L 08/12/2021 - 19:20:48: [basecommands.smx] "Console<0><Console><Console>" changed cvar (cvar "sv_player_stuck_tolerance") (value "5")
L 08/12/2021 - 19:20:48: [basecommands.smx] "Console<0><Console><Console>" changed cvar (cvar "sv_stats") (value "0")
L 08/12/2021 - 19:20:48: [basecommands.smx] "Console<0><Console><Console>" changed cvar (cvar "sv_clockcorrection_msecs") (value "25")
L 08/12/2021 - 19:20:48: [basecommands.smx] "Console<0><Console><Console>" changed cvar (cvar "fps_max") (value "300")
L 08/12/2021 - 19:20:48: [basecommands.smx] "Console<0><Console><Console>" changed cvar (cvar "sv_minrate") (value "100000")
L 08/12/2021 - 19:20:48: [basecommands.smx] "Console<0><Console><Console>" changed cvar (cvar "sv_maxrate") (value "100000")
L 08/12/2021 - 19:20:48: [basecommands.smx] "Console<0><Console><Console>" changed cvar (cvar "sv_minupdaterate") (value "100")
L 08/12/2021 - 19:20:48: [basecommands.smx] "Console<0><Console><Console>" changed cvar (cvar "sv_maxupdaterate") (value "100")
L 08/12/2021 - 19:20:48: [basecommands.smx] "Console<0><Console><Console>" changed cvar (cvar "sv_mincmdrate") (value "100")
L 08/12/2021 - 19:20:48: [basecommands.smx] "Console<0><Console><Console>" changed cvar (cvar "sv_maxcmdrate") (value "100")
L 08/12/2021 - 19:20:48: [basecommands.smx] "Console<0><Console><Console>" changed cvar (cvar "nb_update_frequency") (value "0.016")
L 08/12/2021 - 19:20:48: [basecommands.smx] "Console<0><Console><Console>" changed cvar (cvar "net_splitpacket_maxrate") (value "50000")
L 08/12/2021 - 19:20:48: [basecommands.smx] "Console<0><Console><Console>" changed cvar (cvar "sv_client_min_interp_ratio") (value "-1")
L 08/12/2021 - 19:20:48: [basecommands.smx] "Console<0><Console><Console>" changed cvar (cvar "sv_client_max_interp_ratio") (value "-1")
L 08/12/2021 - 19:26:12: [playercommands.smx] "Console<0><Console><Console>" slayed "Tabing010102<2><STEAM_1:1:161269086><>"
L 08/12/2021 - 19:26:46: [playercommands.smx] "Console<0><Console><Console>" slayed "水月八重<125><STEAM_1:0:167845602><>"
L 08/12/2021 - 19:28:19: [SM] Changed map to "c2m1_highway"
L 08/12/2021 - 19:28:19: -------- Mapchange to c2m1_highway --------
L 08/12/2021 - 19:28:22: [basecommands.smx] "Console<0><Console><Console>" changed cvar (cvar "sv_region") (value "4")
L 08/12/2021 - 19:28:22: [basecommands.smx] "Console<0><Console><Console>" changed cvar (cvar "sv_tags") (value "hidden")
L 08/12/2021 - 19:28:22: [basecommands.smx] "Console<0><Console><Console>" changed cvar (cvar "sv_allow_wait_command") (value "0")
L 08/12/2021 - 19:28:22: [basecommands.smx] "Console<0><Console><Console>" changed cvar (cvar "mp_autoteambalance") (value "0")
L 08/12/2021 - 19:28:22: [basecommands.smx] "Console<0><Console><Console>" changed cvar (cvar "sv_unlag_fixstuck") (value "1")
L 08/12/2021 - 19:28:22: [basecommands.smx] "Console<0><Console><Console>" changed cvar (cvar "z_brawl_chance") (value "0")
L 08/12/2021 - 19:28:22: [basecommands.smx] "Console<0><Console><Console>" changed cvar (cvar "sv_maxunlag") (value "1")
L 08/12/2021 - 19:28:22: [basecommands.smx] "Console<0><Console><Console>" changed cvar (cvar "sv_forcepreload") (value "1")
L 08/12/2021 - 19:28:22: [basecommands.smx] "Console<0><Console><Console>" changed cvar (cvar "sv_client_predict") (value "1")
L 08/12/2021 - 19:28:22: [basecommands.smx] "Console<0><Console><Console>" changed cvar (cvar "sv_client_cmdrate_difference") (value "0")
L 08/12/2021 - 19:28:22: [basecommands.smx] "Console<0><Console><Console>" changed cvar (cvar "sv_max_queries_sec_global") (value "10")
L 08/12/2021 - 19:28:22: [basecommands.smx] "Console<0><Console><Console>" changed cvar (cvar "sv_max_queries_sec") (value "3")
L 08/12/2021 - 19:28:22: [basecommands.smx] "Console<0><Console><Console>" changed cvar (cvar "sv_max_queries_window") (value "10")
L 08/12/2021 - 19:28:22: [basecommands.smx] "Console<0><Console><Console>" changed cvar (cvar "sv_player_stuck_tolerance") (value "5")
L 08/12/2021 - 19:28:22: [basecommands.smx] "Console<0><Console><Console>" changed cvar (cvar "sv_stats") (value "0")
L 08/12/2021 - 19:28:22: [basecommands.smx] "Console<0><Console><Console>" changed cvar (cvar "sv_clockcorrection_msecs") (value "25")
L 08/12/2021 - 19:28:22: [basecommands.smx] "Console<0><Console><Console>" changed cvar (cvar "fps_max") (value "300")
L 08/12/2021 - 19:28:22: [basecommands.smx] "Console<0><Console><Console>" changed cvar (cvar "sv_minrate") (value "100000")
L 08/12/2021 - 19:28:22: [basecommands.smx] "Console<0><Console><Console>" changed cvar (cvar "sv_maxrate") (value "100000")
L 08/12/2021 - 19:28:22: [basecommands.smx] "Console<0><Console><Console>" changed cvar (cvar "sv_minupdaterate") (value "100")
L 08/12/2021 - 19:28:22: [basecommands.smx] "Console<0><Console><Console>" changed cvar (cvar "sv_maxupdaterate") (value "100")
L 08/12/2021 - 19:28:22: [basecommands.smx] "Console<0><Console><Console>" changed cvar (cvar "sv_mincmdrate") (value "100")
L 08/12/2021 - 19:28:22: [basecommands.smx] "Console<0><Console><Console>" changed cvar (cvar "sv_maxcmdrate") (value "100")
L 08/12/2021 - 19:28:22: [basecommands.smx] "Console<0><Console><Console>" changed cvar (cvar "nb_update_frequency") (value "0.016")
L 08/12/2021 - 19:28:22: [basecommands.smx] "Console<0><Console><Console>" changed cvar (cvar "net_splitpacket_maxrate") (value "50000")
L 08/12/2021 - 19:28:22: [basecommands.smx] "Console<0><Console><Console>" changed cvar (cvar "sv_client_min_interp_ratio") (value "-1")
L 08/12/2021 - 19:28:22: [basecommands.smx] "Console<0><Console><Console>" changed cvar (cvar "sv_client_max_interp_ratio") (value "-1")
